# JRE version: Java(TM) SE Runtime Environment (8.0_51-b16) (build 1.8.0_51-b16)
# Java VM: Java HotSpot(TM) 64-Bit Server VM (25.51-b03 mixed mode windows-amd64 compressed oops)
Heap:
 PSYoungGen      total 178176K, used 53991K [0x0000000755780000, 0x0000000767780000, 0x00000007c0000000)
  eden space 164864K, 24% used [0x0000000755780000,0x0000000757f3e3e8,0x000000075f880000)
  from space 13312K, 99% used [0x000000075f880000,0x000000076057b8b8,0x0000000760580000)
  to   space 31744K, 0% used [0x0000000765880000,0x0000000765880000,0x0000000767780000)
 ParOldGen       total 184320K, used 38290K [0x0000000680600000, 0x000000068ba00000, 0x0000000755780000)
  object space 184320K, 20% used [0x0000000680600000,0x0000000682b64b58,0x000000068ba00000)
 Metaspace       used 28523K, capacity 28765K, committed 29184K, reserved 1075200K
  class space    used 3629K, capacity 3743K, committed 3840K, reserved 1048576K
GC Heap History (10 events):
Event: 1.905 GC heap before
{Heap before GC invocations=2 (full 0):
 PSYoungGen      total 95744K, used 95723K [0x0000000755780000, 0x000000075c200000, 0x00000007c0000000)
  eden space 82432K, 100% used [0x0000000755780000,0x000000075a800000,0x000000075a800000)
  from space 13312K, 99% used [0x000000075a800000,0x000000075b4fae60,0x000000075b500000)
  to   space 13312K, 0% used [0x000000075b500000,0x000000075b500000,0x000000075c200000)
 ParOldGen       total 218624K, used 1212K [0x0000000680600000, 0x000000068db80000, 0x0000000755780000)
  object space 218624K, 0% used [0x0000000680600000,0x000000068072f280,0x000000068db80000)
 Metaspace       used 17635K, capacity 17792K, committed 18048K, reserved 1064960K
  class space    used 2121K, capacity 2142K, committed 2176K, reserved 1048576K
Event: 1.924 GC heap after
Heap after GC invocations=2 (full 0):
 PSYoungGen      total 95744K, used 13296K [0x0000000755780000, 0x0000000761280000, 0x00000007c0000000)
  eden space 82432K, 0% used [0x0000000755780000,0x0000000755780000,0x000000075a800000)
  from space 13312K, 99% used [0x000000075b500000,0x000000075c1fc070,0x000000075c200000)
  to   space 13312K, 0% used [0x000000075a800000,0x000000075a800000,0x000000075b500000)
 ParOldGen       total 218624K, used 19554K [0x0000000680600000, 0x000000068db80000, 0x0000000755780000)
  object space 218624K, 8% used [0x0000000680600000,0x0000000681918898,0x000000068db80000)
 Metaspace       used 17635K, capacity 17792K, committed 18048K, reserved 1064960K
  class space    used 2121K, capacity 2142K, committed 2176K, reserved 1048576K
}
Event: 2.151 GC heap before
{Heap before GC invocations=3 (full 0):
 PSYoungGen      total 95744K, used 95728K [0x0000000755780000, 0x0000000761280000, 0x00000007c0000000)
  eden space 82432K, 100% used [0x0000000755780000,0x000000075a800000,0x000000075a800000)
  from space 13312K, 99% used [0x000000075b500000,0x000000075c1fc070,0x000000075c200000)
  to   space 13312K, 0% used [0x000000075a800000,0x000000075a800000,0x000000075b500000)
 ParOldGen       total 218624K, used 19554K [0x0000000680600000, 0x000000068db80000, 0x0000000755780000)
  object space 218624K, 8% used [0x0000000680600000,0x0000000681918898,0x000000068db80000)
 Metaspace       used 18767K, capacity 18976K, committed 19328K, reserved 1067008K
  class space    used 2326K, capacity 2366K, committed 2432K, reserved 1048576K
Event: 2.160 GC heap after
Heap after GC invocations=3 (full 0):
 PSYoungGen      total 95744K, used 13280K [0x0000000755780000, 0x0000000761280000, 0x00000007c0000000)
  eden space 82432K, 0% used [0x0000000755780000,0x0000000755780000,0x000000075a800000)
  from space 13312K, 99% used [0x000000075a800000,0x000000075b4f8060,0x000000075b500000)
  to   space 13312K, 0% used [0x0000000760580000,0x0000000760580000,0x0000000761280000)
 ParOldGen       total 218624K, used 27307K [0x0000000680600000, 0x000000068db80000, 0x0000000755780000)
  object space 218624K, 12% used [0x0000000680600000,0x00000006820aaf28,0x000000068db80000)
 Metaspace       used 18767K, capacity 18976K, committed 19328K, reserved 1067008K
  class space    used 2326K, capacity 2366K, committed 2432K, reserved 1048576K
}
Event: 2.332 GC heap before
{Heap before GC invocations=4 (full 0):
 PSYoungGen      total 95744K, used 32648K [0x0000000755780000, 0x0000000761280000, 0x00000007c0000000)
  eden space 82432K, 23% used [0x0000000755780000,0x0000000756a6a340,0x000000075a800000)
  from space 13312K, 99% used [0x000000075a800000,0x000000075b4f8060,0x000000075b500000)
  to   space 13312K, 0% used [0x0000000760580000,0x0000000760580000,0x0000000761280000)
 ParOldGen       total 218624K, used 27307K [0x0000000680600000, 0x000000068db80000, 0x0000000755780000)
  object space 218624K, 12% used [0x0000000680600000,0x00000006820aaf28,0x000000068db80000)
 Metaspace       used 20980K, capacity 21132K, committed 21248K, reserved 1067008K
  class space    used 2753K, capacity 2784K, committed 2816K, reserved 1048576K
Event: 2.341 GC heap after
Heap after GC invocations=4 (full 0):
 PSYoungGen      total 178176K, used 13304K [0x0000000755780000, 0x0000000761280000, 0x00000007c0000000)
  eden space 164864K, 0% used [0x0000000755780000,0x0000000755780000,0x000000075f880000)
  from space 13312K, 99% used [0x0000000760580000,0x000000076127e070,0x0000000761280000)
  to   space 13312K, 0% used [0x000000075f880000,0x000000075f880000,0x0000000760580000)
 ParOldGen       total 218624K, used 30266K [0x0000000680600000, 0x000000068db80000, 0x0000000755780000)
  object space 218624K, 13% used [0x0000000680600000,0x000000068238ea18,0x000000068db80000)
 Metaspace       used 20980K, capacity 21132K, committed 21248K, reserved 1067008K
  class space    used 2753K, capacity 2784K, committed 2816K, reserved 1048576K
}
Event: 2.341 GC heap before
{Heap before GC invocations=5 (full 1):
 PSYoungGen      total 178176K, used 13304K [0x0000000755780000, 0x0000000761280000, 0x00000007c0000000)
  eden space 164864K, 0% used [0x0000000755780000,0x0000000755780000,0x000000075f880000)
  from space 13312K, 99% used [0x0000000760580000,0x000000076127e070,0x0000000761280000)
  to   space 13312K, 0% used [0x000000075f880000,0x000000075f880000,0x0000000760580000)
 ParOldGen       total 218624K, used 30266K [0x0000000680600000, 0x000000068db80000, 0x0000000755780000)
  object space 218624K, 13% used [0x0000000680600000,0x000000068238ea18,0x000000068db80000)
 Metaspace       used 20980K, capacity 21132K, committed 21248K, reserved 1067008K
  class space    used 2753K, capacity 2784K, committed 2816K, reserved 1048576K
Event: 2.421 GC heap after
Heap after GC invocations=5 (full 1):
 PSYoungGen      total 178176K, used 0K [0x0000000755780000, 0x0000000761280000, 0x00000007c0000000)
  eden space 164864K, 0% used [0x0000000755780000,0x0000000755780000,0x000000075f880000)
  from space 13312K, 0% used [0x0000000760580000,0x0000000760580000,0x0000000761280000)
  to   space 13312K, 0% used [0x000000075f880000,0x000000075f880000,0x0000000760580000)
 ParOldGen       total 184320K, used 38023K [0x0000000680600000, 0x000000068ba00000, 0x0000000755780000)
  object space 184320K, 20% used [0x0000000680600000,0x0000000682b21de8,0x000000068ba00000)
 Metaspace       used 20980K, capacity 21132K, committed 21248K, reserved 1067008K
  class space    used 2753K, capacity 2784K, committed 2816K, reserved 1048576K
}
Event: 4.193 GC heap before
{Heap before GC invocations=6 (full 1):
 PSYoungGen      total 178176K, used 164864K [0x0000000755780000, 0x0000000761280000, 0x00000007c0000000)
  eden space 164864K, 100% used [0x0000000755780000,0x000000075f880000,0x000000075f880000)
  from space 13312K, 0% used [0x0000000760580000,0x0000000760580000,0x0000000761280000)
  to   space 13312K, 0% used [0x000000075f880000,0x000000075f880000,0x0000000760580000)
 ParOldGen       total 184320K, used 38023K [0x0000000680600000, 0x000000068ba00000, 0x0000000755780000)
  object space 184320K, 20% used [0x0000000680600000,0x0000000682b21de8,0x000000068ba00000)
 Metaspace       used 28275K, capacity 28541K, committed 28800K, reserved 1075200K
  class space    used 3611K, capacity 3711K, committed 3712K, reserved 1048576K
Event: 4.203 GC heap after
Heap after GC invocations=6 (full 1):
 PSYoungGen      total 178176K, used 13294K [0x0000000755780000, 0x0000000767780000, 0x00000007c0000000)
  eden space 164864K, 0% used [0x0000000755780000,0x0000000755780000,0x000000075f880000)
  from space 13312K, 99% used [0x000000075f880000,0x000000076057b8b8,0x0000000760580000)
  to   space 31744K, 0% used [0x0000000765880000,0x0000000765880000,0x0000000767780000)
 ParOldGen       total 184320K, used 38290K [0x0000000680600000, 0x000000068ba00000, 0x0000000755780000)
  object space 184320K, 20% used [0x0000000680600000,0x0000000682b64b58,0x000000068ba00000)
 Metaspace       used 28275K, capacity 28541K, committed 28800K, reserved 1075200K
  class space    used 3611K, capacity 3711K, committed 3712K, reserved 1048576K
}

